Thu Feb 16 16:01:10 IST 2017  [debug] AvalonLogSystem initialized using logfile 'velocity.log'
Thu Feb 16 16:01:10 IST 2017   [info] ************************************************************** 
Thu Feb 16 16:01:10 IST 2017   [info] Starting Jakarta Velocity v1.4
Thu Feb 16 16:01:10 IST 2017   [info] RuntimeInstance initializing.
Thu Feb 16 16:01:10 IST 2017   [info] Default Properties File: org/apache/velocity/runtime/defaults/velocity.properties
Thu Feb 16 16:01:10 IST 2017   [info] Trying to use logger class org.apache.velocity.runtime.log.AvalonLogSystem
Thu Feb 16 16:01:10 IST 2017   [info] Using logger class org.apache.velocity.runtime.log.AvalonLogSystem
Thu Feb 16 16:01:10 IST 2017   [info] Default ResourceManager initializing. (class org.apache.velocity.runtime.resource.ResourceManagerImpl)
Thu Feb 16 16:01:10 IST 2017   [info] Resource Loader Instantiated: org.apache.velocity.runtime.resource.loader.ClasspathResourceLoader
Thu Feb 16 16:01:10 IST 2017   [info] ClasspathResourceLoader : initialization starting.
Thu Feb 16 16:01:10 IST 2017   [info] ClasspathResourceLoader : initialization complete.
Thu Feb 16 16:01:10 IST 2017   [info] ResourceCache : initialized. (class org.apache.velocity.runtime.resource.ResourceCacheImpl)
Thu Feb 16 16:01:10 IST 2017   [info] Default ResourceManager initialization complete.
Thu Feb 16 16:01:10 IST 2017   [info] Loaded System Directive: org.apache.velocity.runtime.directive.Literal
Thu Feb 16 16:01:10 IST 2017   [info] Loaded System Directive: org.apache.velocity.runtime.directive.Macro
Thu Feb 16 16:01:10 IST 2017   [info] Loaded System Directive: org.apache.velocity.runtime.directive.Parse
Thu Feb 16 16:01:10 IST 2017   [info] Loaded System Directive: org.apache.velocity.runtime.directive.Include
Thu Feb 16 16:01:10 IST 2017   [info] Loaded System Directive: org.apache.velocity.runtime.directive.Foreach
Thu Feb 16 16:01:10 IST 2017   [info] Created: 20 parsers.
Thu Feb 16 16:01:10 IST 2017   [info] Velocimacro : initialization starting.
Thu Feb 16 16:01:10 IST 2017   [info] Velocimacro : adding VMs from VM library template : VM_global_library.vm
Thu Feb 16 16:01:10 IST 2017  [error] ResourceManager : unable to find resource 'VM_global_library.vm' in any resource loader.
Thu Feb 16 16:01:10 IST 2017   [info] Velocimacro : error using  VM library template VM_global_library.vm : org.apache.velocity.exception.ResourceNotFoundException: Unable to find resource 'VM_global_library.vm'
Thu Feb 16 16:01:10 IST 2017   [info] Velocimacro :  VM library template macro registration complete.
Thu Feb 16 16:01:10 IST 2017   [info] Velocimacro : allowInline = true : VMs can be defined inline in templates
Thu Feb 16 16:01:10 IST 2017   [info] Velocimacro : allowInlineToOverride = false : VMs defined inline may NOT replace previous VM definitions
Thu Feb 16 16:01:10 IST 2017   [info] Velocimacro : allowInlineLocal = false : VMs defined inline will be  global in scope if allowed.
Thu Feb 16 16:01:10 IST 2017   [info] Velocimacro : messages on  : VM system will output logging messages
Thu Feb 16 16:01:10 IST 2017   [info] Velocimacro : autoload off  : VM system will not automatically reload global library macros
Thu Feb 16 16:01:10 IST 2017   [info] Velocimacro : initialization complete.
Thu Feb 16 16:01:10 IST 2017   [info] Velocity successfully started.
Thu Feb 16 16:01:58 IST 2017   [info] ResourceManager : found org/uncommons/reportng/templates/html/index.html.vm with loader org.apache.velocity.runtime.resource.loader.ClasspathResourceLoader
Thu Feb 16 16:01:58 IST 2017   [info] ResourceManager : found org/uncommons/reportng/templates/html/overview.html.vm with loader org.apache.velocity.runtime.resource.loader.ClasspathResourceLoader
Thu Feb 16 16:01:58 IST 2017   [info] ResourceManager : found org/uncommons/reportng/templates/html/suites.html.vm with loader org.apache.velocity.runtime.resource.loader.ClasspathResourceLoader
Thu Feb 16 16:01:58 IST 2017   [info] ResourceManager : found org/uncommons/reportng/templates/html/results.html.vm with loader org.apache.velocity.runtime.resource.loader.ClasspathResourceLoader
Thu Feb 16 16:01:58 IST 2017   [info] ResourceManager : found org/uncommons/reportng/templates/html/class-results.html.vm with loader org.apache.velocity.runtime.resource.loader.ClasspathResourceLoader
Thu Feb 16 16:01:58 IST 2017   [info] ResourceManager : found org/uncommons/reportng/templates/html/output.html.vm with loader org.apache.velocity.runtime.resource.loader.ClasspathResourceLoader
Thu Feb 16 16:01:58 IST 2017   [info] ResourceManager : found org/uncommons/reportng/templates/xml/results.xml.vm with loader org.apache.velocity.runtime.resource.loader.ClasspathResourceLoader
